
P A U P *
Version 4.0a (build 168) for macOS (built on Aug  2 2020 at 06:41:30)
Tue Jan 18 22:53:21 2022


Branch-and-bound search settings:
  Optimality criterion = parsimony
    Character-status summary:
      Of 125 total characters:
        All characters are of type 'unord'
        All characters have equal weight
        33 characters are constant (proportion = 0.264)
        14 variable characters are parsimony-uninformative
        Number of parsimony-informative characters = 78
    Gaps are treated as "missing"
    Multistate taxa interpreted as uncertainty
  Initial upper bound: unknown (compute heuristically)
  Addition sequence: furthest
  Initial 'Maxtrees' setting = 1000000
  Branches collapsed (creating polytomies) if maximum branch length is zero
  'MulTrees' option in effect
  No topological constraints in effect
  Trees are unrooted

Branch-and-bound search completed:
  Score of best tree found = 150
  Number of trees retained = 28
  Time used = 0.02 sec (CPU time = 0.02 sec)

Strict consensus of 28 trees:

                                                                /---------------- Acanthostega(1)
                                                                +---------------- Elginerpeton(2)
                                                                +---------------- Ichthyostega(5)
                                                /---------------+---------------- Parmastega(7)
                                                |               +---------------- Ventastega(9)
                                /---------------+               \---------------- Ymeria(10)
                                |               +-------------------------------- Elpistostege(3)
                /---------------+               +-------------------------------- Tiktaalik(8)
                |               |               \-------------------------------- Qikiqtania(11)
/---------------+               \------------------------------------------------ Panderichthys(6)
|               +---------------------------------------------------------------- Eusthenopteron(4)
|               \---------------------------------------------------------------- Tinirau(12)
\-------------------------------------------------------------------------------- Megalichthys(13)

Consensus tree(s) written to treefile:
~/Documents/papers/submitted/NUFV137/phylo_methods_project/tom_stuff/runfile_and_output/NUFV137_2022
_01_19/analyses_main_ms/parsimony/myStrictConsensustree.tre

28 trees saved to file
"~/Documents/papers/submitted/NUFV137/phylo_methods_project/tom_stuff/runfile_and_output/NUFV137_202
2_01_19/analyses_main_ms/parsimony/early_tetrapod_phylo.trees"

50% Majority-rule consensus of 28 trees

                                                                     /----------- Acanthostega(1)
                                                         /----64-----+----------- Ventastega(9)
                                                         |           /----------- Ichthyostega(5)
                                              /---100----+----64-----+----------- Ymeria(10)
                                  /----75-----+          +----------------------- Elginerpeton(2)
                                  |           |          \----------------------- Parmastega(7)
                       /---100----+           \---------------------------------- Elpistostege(3)
                       |          +---------------------------------------------- Tiktaalik(8)
           /----100----+          \---------------------------------------------- Qikiqtania(11)
/----------+           \--------------------------------------------------------- Panderichthys(6)
|          +--------------------------------------------------------------------- Eusthenopteron(4)
|          \--------------------------------------------------------------------- Tinirau(12)
\-------------------------------------------------------------------------------- Megalichthys(13)

Bipartitions found in one or more trees and frequency of occurrence:

         1  1
1234567890123          Freq        %
------------------------------------
...*.......**            28  100.00%
...*.*.....**            28  100.00%
..**.*.*..***            28  100.00%
...*.*.*..***            21   75.00%
....*....*...            18   64.29%
.*******.****            18   64.29%
.*..*.*..*...            14   50.00%
...........**            12   42.86%
.*..*....*...            11   39.29%
.*..*........            10   35.71%
.*******..***            10   35.71%
.********.***            10   35.71%
...*.*.*...**             9   32.14%
...*.*....***             9   32.14%
...*........*             8   28.57%
...*.......*.             8   28.57%
..**.*.....**             7   25.00%
..**.***..***             7   25.00%
.*..*.*......             7   25.00%
.*....*......             7   25.00%
..**.*.*...**             6   21.43%
.......*..*..             4   14.29%

Consensus tree(s) written to treefile:
~/Documents/papers/submitted/NUFV137/phylo_methods_project/tom_stuff/runfile_and_output/NUFV137_2022
_01_19/analyses_main_ms/parsimony/myMajRuleConsensustree.tre

Strict consensus of 28 trees:

                                                                /---------------- Acanthostega(1)
                                                                +---------------- Elginerpeton(2)
                                                                +---------------- Ichthyostega(5)
                                                /---------------+---------------- Parmastega(7)
                                                |               +---------------- Ventastega(9)
                                /---------------+               \---------------- Ymeria(10)
                                |               +-------------------------------- Elpistostege(3)
                /---------------+               +-------------------------------- Tiktaalik(8)
                |               |               \-------------------------------- Qikiqtania(11)
/---------------+               \------------------------------------------------ Panderichthys(6)
|               +---------------------------------------------------------------- Eusthenopteron(4)
|               \---------------------------------------------------------------- Tinirau(12)
\-------------------------------------------------------------------------------- Megalichthys(13)

Consensus tree(s) written to treefile:
~/Documents/papers/submitted/NUFV137/phylo_methods_project/tom_stuff/runfile_and_output/NUFV137_2022
_01_19/analyses_main_ms/parsimony/myStrictConsensustree.tre

Adams consensus of 28 trees:

                                                                   /------------- Acanthostega(1)
                                                     /-------------+------------- Ventastega(9)
                                                     |             /------------- Elginerpeton(2)
                                        /------------+-------------+------------- Ichthyostega(5)
                                        |            +--------------------------- Parmastega(7)
                           /------------+            \--------------------------- Ymeria(10)
                           |            +---------------------------------------- Elpistostege(3)
             /-------------+            +---------------------------------------- Tiktaalik(8)
             |             |            \---------------------------------------- Qikiqtania(11)
/------------+             \----------------------------------------------------- Panderichthys(6)
|            +------------------------------------------------------------------- Eusthenopteron(4)
|            \------------------------------------------------------------------- Tinirau(12)
\-------------------------------------------------------------------------------- Megalichthys(13)

Consensus tree(s) written to treefile:
~/Documents/papers/submitted/NUFV137/phylo_methods_project/tom_stuff/runfile_and_output/NUFV137_2022
_01_19/analyses_main_ms/parsimony/myAdamsonsensustree.tre

Bootstrap method with heuristic search:
  Number of bootstrap replicates = 500
  Starting seed = generated automatically
  Number of characters resampled in each replicate = 125
  Optimality criterion = parsimony
    Character-status summary:
      Of 125 total characters:
        All characters are of type 'unord'
        All characters have equal weight
        33 characters are constant (proportion = 0.264)
        14 variable characters are parsimony-uninformative
        Number of parsimony-informative characters = 78
    Gaps are treated as "missing"
    Multistate taxa interpreted as uncertainty
  Starting tree(s) obtained via stepwise addition
    Addition sequence: random
    Number of replicates = 100
    Starting seed = generated automatically
    Number of trees held at each step = 1
  Branch-swapping algorithm: tree-bisection-reconnection (TBR) with reconnection limit = 8
    Steepest descent option not in effect
    No more than 1000 trees of score (length) greater than or equal to 1 will be saved in each
       replicate
  Initial 'Maxtrees' setting = 1000000
  Branches collapsed (creating polytomies) if maximum branch length is zero
  'MulTrees' option in effect
  No topological constraints in effect
  Trees are unrooted

  500 bootstrap replicates completed
  Time used = 45.30 sec (CPU time = 44.90 sec)

Trees for each replicate written to treefile:
~/Documents/papers/submitted/NUFV137/phylo_methods_project/tom_stuff/runfile_and_output/NUFV137_2022_01_19/analyses_main_ms
/parsimony/NUFV137_phylogenetic_analysis_main_ms_bootstrap500.trees

Bootstrap 50% majority-rule consensus tree
   (plus other groups compatible with this tree)

                                                                                              /--------- Ichthyostega(5)
                                                                                    /---43----+--------- Ymeria(10)
                                                                           /---23---+------------------- Elginerpeton(2)
                                                                  /---28---+                  /--------- Acanthostega(1)
                                                        /---75----+        \--------41--------+--------- Ventastega(9)
                                               /---51---+         \------------------------------------- Parmastega(7)
                                     /---31----+        \----------------------------------------------- Elpistostege(3)
                            /---89---+         \-------------------------------------------------------- Qikiqtania(11)
                   /---99---+        \------------------------------------------------------------------ Tiktaalik(8)
         /---36----+        \--------------------------------------------------------------------------- Panderichthys(6)
/--------+         \------------------------------------------------------------------------------------ Eusthenopteron(4)
|        \---------------------------------------------------------------------------------------------- Tinirau(12)
\------------------------------------------------------------------------------------------------------- Megalichthys(13)

Bipartitions found in one or more trees and frequency of occurrence (bootstrap support values):

         1  1
1234567890123          Freq        %
------------------------------------
...*.......**        495.07   99.01%
...*.*.....**        442.83   88.57%
..**.*.*..***        377.19   75.44%
...*.*.*..***        253.83   50.77%
....*....*...        214.22   42.84%
.*******.****        202.92   40.58%
...........**        181.30   36.26%
...*.......*.        162.22   32.44%
.********.***        158.79   31.76%
...*.*.*...**        155.68   31.14%
...*........*        154.64   30.93%
...*.*....***        150.12   30.02%
.*******..***        146.85   29.37%
.*..*........        143.86   28.77%
..**.***..***        141.26   28.25%
..**.*.....**        132.75   26.55%
.***.*.*..***        119.43   23.89%
.*..*....*...        115.27   23.05%
.***.***..***         99.94   19.99%
..**.*.*...**         92.51   18.50%
.*..*.*..*...         91.96   18.39%
.*.*.*.*..***         87.87   17.57%
.*..*.*......         86.60   17.32%
.......*..*..         79.83   15.97%
.*....*......         72.63   14.53%
..**.*....***         60.69   12.14%
..*.......*..         50.55   10.11%
.***.****.***         42.26    8.45%
..**.****.***         32.35    6.47%
.*****.*.****         29.47    5.89%
...*......***         29.13    5.83%

104 groups at (relative) frequency less than 5% not shown

1 tree saved to file
"~/Documents/papers/submitted/NUFV137/phylo_methods_project/tom_stuff/runfile_and_output/NUFV137_2022_01_19/analyses_main_m
s/parsimony/NUFV137_phylogenetic_analysis_main_ms_bootstrap500_con.tre"

Processing of input file "paup_runfile.nex" completed.
